{
  "stats": {
    "suites": 18,
    "tests": 37,
    "passes": 37,
    "pending": 0,
    "failures": 0,
    "start": "2025-04-24T12:12:38.169Z",
    "end": "2025-04-24T12:12:38.201Z",
    "duration": 32,
    "testsRegistered": 37,
    "passPercent": 100,
    "pendingPercent": 0,
    "other": 0,
    "hasOther": false,
    "skipped": 0,
    "hasSkipped": false
  },
  "results": [
    {
      "uuid": "eca89478-8cb6-4cbf-91e4-f67a9f9718d8",
      "title": "",
      "fullFile": "",
      "file": "",
      "beforeHooks": [],
      "afterHooks": [],
      "tests": [],
      "suites": [
        {
          "uuid": "b9327697-b694-4b81-b703-117bd6c60f0b",
          "title": "Array Utils",
          "fullFile": "/Users/nicksinazhenki/Downloads/Automated-Software-Testing-JS/test/arrayUtils.test.js",
          "file": "/test/arrayUtils.test.js",
          "beforeHooks": [],
          "afterHooks": [],
          "tests": [],
          "suites": [
            {
              "uuid": "4ea37284-8c0f-43be-a59b-aefd9c2df7b9",
              "title": "findMax",
              "fullFile": "/Users/nicksinazhenki/Downloads/Automated-Software-Testing-JS/test/arrayUtils.test.js",
              "file": "/test/arrayUtils.test.js",
              "beforeHooks": [],
              "afterHooks": [],
              "tests": [
                {
                  "title": "should return the max value in the array",
                  "fullTitle": "Array Utils findMax should return the max value in the array",
                  "timedOut": false,
                  "duration": 1,
                  "state": "passed",
                  "speed": "fast",
                  "pass": true,
                  "fail": false,
                  "pending": false,
                  "context": null,
                  "code": "expect(findMax([7, 14, 3, 21])).to.equal(21);",
                  "err": {},
                  "uuid": "5113f7c6-2cc4-4f66-a11b-45a5c3562834",
                  "parentUUID": "4ea37284-8c0f-43be-a59b-aefd9c2df7b9",
                  "isHook": false,
                  "skipped": false
                },
                {
                  "title": "should handle negative numbers",
                  "fullTitle": "Array Utils findMax should handle negative numbers",
                  "timedOut": false,
                  "duration": 0,
                  "state": "passed",
                  "speed": "fast",
                  "pass": true,
                  "fail": false,
                  "pending": false,
                  "context": null,
                  "code": "expect(findMax([-15, -4, -9])).to.equal(-4);",
                  "err": {},
                  "uuid": "6a2a150b-32a7-4f65-8f2c-cd88849d29ed",
                  "parentUUID": "4ea37284-8c0f-43be-a59b-aefd9c2df7b9",
                  "isHook": false,
                  "skipped": false
                },
                {
                  "title": "should throw error if input is not an array",
                  "fullTitle": "Array Utils findMax should throw error if input is not an array",
                  "timedOut": false,
                  "duration": 1,
                  "state": "passed",
                  "speed": "fast",
                  "pass": true,
                  "fail": false,
                  "pending": false,
                  "context": null,
                  "code": "expect(() => findMax(\"not array\")).to.throw(\"Input must be an array\");",
                  "err": {},
                  "uuid": "87fe4b1a-fbaf-47df-9b62-ed513430151a",
                  "parentUUID": "4ea37284-8c0f-43be-a59b-aefd9c2df7b9",
                  "isHook": false,
                  "skipped": false
                }
              ],
              "suites": [],
              "passes": [
                "5113f7c6-2cc4-4f66-a11b-45a5c3562834",
                "6a2a150b-32a7-4f65-8f2c-cd88849d29ed",
                "87fe4b1a-fbaf-47df-9b62-ed513430151a"
              ],
              "failures": [],
              "pending": [],
              "skipped": [],
              "duration": 2,
              "root": false,
              "rootEmpty": false,
              "_timeout": 2000
            },
            {
              "uuid": "4b755d23-a0e1-4d3f-97bd-aef70adf1a3a",
              "title": "findMin",
              "fullFile": "/Users/nicksinazhenki/Downloads/Automated-Software-Testing-JS/test/arrayUtils.test.js",
              "file": "/test/arrayUtils.test.js",
              "beforeHooks": [],
              "afterHooks": [],
              "tests": [
                {
                  "title": "should return the min value in the array",
                  "fullTitle": "Array Utils findMin should return the min value in the array",
                  "timedOut": false,
                  "duration": 0,
                  "state": "passed",
                  "speed": "fast",
                  "pass": true,
                  "fail": false,
                  "pending": false,
                  "context": null,
                  "code": "expect(findMin([100, 35, 67, 4])).to.equal(4);",
                  "err": {},
                  "uuid": "7e3c9419-eea3-46f9-afc2-9bc4b5c02a36",
                  "parentUUID": "4b755d23-a0e1-4d3f-97bd-aef70adf1a3a",
                  "isHook": false,
                  "skipped": false
                },
                {
                  "title": "should handle positive numbers",
                  "fullTitle": "Array Utils findMin should handle positive numbers",
                  "timedOut": false,
                  "duration": 1,
                  "state": "passed",
                  "speed": "fast",
                  "pass": true,
                  "fail": false,
                  "pending": false,
                  "context": null,
                  "code": "expect(findMin([10, 20, 30])).to.equal(10);",
                  "err": {},
                  "uuid": "1427396c-606f-4afd-9b64-a7f3851dd706",
                  "parentUUID": "4b755d23-a0e1-4d3f-97bd-aef70adf1a3a",
                  "isHook": false,
                  "skipped": false
                },
                {
                  "title": "should throw error if input is not an array",
                  "fullTitle": "Array Utils findMin should throw error if input is not an array",
                  "timedOut": false,
                  "duration": 0,
                  "state": "passed",
                  "speed": "fast",
                  "pass": true,
                  "fail": false,
                  "pending": false,
                  "context": null,
                  "code": "expect(() => findMin(123)).to.throw(\"Input must be an array\");",
                  "err": {},
                  "uuid": "993d4b17-c5cc-4745-a534-dc245fcc0002",
                  "parentUUID": "4b755d23-a0e1-4d3f-97bd-aef70adf1a3a",
                  "isHook": false,
                  "skipped": false
                }
              ],
              "suites": [],
              "passes": [
                "7e3c9419-eea3-46f9-afc2-9bc4b5c02a36",
                "1427396c-606f-4afd-9b64-a7f3851dd706",
                "993d4b17-c5cc-4745-a534-dc245fcc0002"
              ],
              "failures": [],
              "pending": [],
              "skipped": [],
              "duration": 1,
              "root": false,
              "rootEmpty": false,
              "_timeout": 2000
            },
            {
              "uuid": "22f85f6c-1730-444a-ab15-f7a3bf0fff95",
              "title": "removeDuplicates",
              "fullFile": "/Users/nicksinazhenki/Downloads/Automated-Software-Testing-JS/test/arrayUtils.test.js",
              "file": "/test/arrayUtils.test.js",
              "beforeHooks": [],
              "afterHooks": [],
              "tests": [
                {
                  "title": "should remove duplicates from array",
                  "fullTitle": "Array Utils removeDuplicates should remove duplicates from array",
                  "timedOut": false,
                  "duration": 0,
                  "state": "passed",
                  "speed": "fast",
                  "pass": true,
                  "fail": false,
                  "pending": false,
                  "context": null,
                  "code": "expect(removeDuplicates([1, 2, 2, 3, 4, 4])).to.deep.equal([1, 2, 3, 4]);",
                  "err": {},
                  "uuid": "fca86a53-734f-4b41-ad8f-86b81a5b6cfa",
                  "parentUUID": "22f85f6c-1730-444a-ab15-f7a3bf0fff95",
                  "isHook": false,
                  "skipped": false
                },
                {
                  "title": "should return same array if no duplicates",
                  "fullTitle": "Array Utils removeDuplicates should return same array if no duplicates",
                  "timedOut": false,
                  "duration": 0,
                  "state": "passed",
                  "speed": "fast",
                  "pass": true,
                  "fail": false,
                  "pending": false,
                  "context": null,
                  "code": "expect(removeDuplicates([5, 6, 7])).to.deep.equal([5, 6, 7]);",
                  "err": {},
                  "uuid": "55f2c0d6-cc10-4563-bb90-05556d5dc7c7",
                  "parentUUID": "22f85f6c-1730-444a-ab15-f7a3bf0fff95",
                  "isHook": false,
                  "skipped": false
                },
                {
                  "title": "should throw error if input is not an array",
                  "fullTitle": "Array Utils removeDuplicates should throw error if input is not an array",
                  "timedOut": false,
                  "duration": 0,
                  "state": "passed",
                  "speed": "fast",
                  "pass": true,
                  "fail": false,
                  "pending": false,
                  "context": null,
                  "code": "expect(() => removeDuplicates(null)).to.throw(\"Input must be an array\");",
                  "err": {},
                  "uuid": "f5b13276-5056-46aa-bba3-24b44c9549e5",
                  "parentUUID": "22f85f6c-1730-444a-ab15-f7a3bf0fff95",
                  "isHook": false,
                  "skipped": false
                }
              ],
              "suites": [],
              "passes": [
                "fca86a53-734f-4b41-ad8f-86b81a5b6cfa",
                "55f2c0d6-cc10-4563-bb90-05556d5dc7c7",
                "f5b13276-5056-46aa-bba3-24b44c9549e5"
              ],
              "failures": [],
              "pending": [],
              "skipped": [],
              "duration": 0,
              "root": false,
              "rootEmpty": false,
              "_timeout": 2000
            }
          ],
          "passes": [],
          "failures": [],
          "pending": [],
          "skipped": [],
          "duration": 0,
          "root": false,
          "rootEmpty": false,
          "_timeout": 2000
        },
        {
          "uuid": "df33e61f-4669-4698-ac4d-e5bc4199553a",
          "title": "Math Utils",
          "fullFile": "/Users/nicksinazhenki/Downloads/Automated-Software-Testing-JS/test/mathUtils.test.js",
          "file": "/test/mathUtils.test.js",
          "beforeHooks": [],
          "afterHooks": [],
          "tests": [],
          "suites": [
            {
              "uuid": "0eb564d6-1a87-44b0-89aa-54ae122d1cd4",
              "title": "add",
              "fullFile": "/Users/nicksinazhenki/Downloads/Automated-Software-Testing-JS/test/mathUtils.test.js",
              "file": "/test/mathUtils.test.js",
              "beforeHooks": [],
              "afterHooks": [],
              "tests": [
                {
                  "title": "should add two numbers",
                  "fullTitle": "Math Utils add should add two numbers",
                  "timedOut": false,
                  "duration": 0,
                  "state": "passed",
                  "speed": "fast",
                  "pass": true,
                  "fail": false,
                  "pending": false,
                  "context": null,
                  "code": "expect(add(2, 5)).to.equal(7);",
                  "err": {},
                  "uuid": "c024b0ff-b43c-4ada-a02e-c9b23f363ed6",
                  "parentUUID": "0eb564d6-1a87-44b0-89aa-54ae122d1cd4",
                  "isHook": false,
                  "skipped": false
                }
              ],
              "suites": [],
              "passes": [
                "c024b0ff-b43c-4ada-a02e-c9b23f363ed6"
              ],
              "failures": [],
              "pending": [],
              "skipped": [],
              "duration": 0,
              "root": false,
              "rootEmpty": false,
              "_timeout": 2000
            },
            {
              "uuid": "69378cd3-13fb-4096-bea3-16ce072bef00",
              "title": "subtract",
              "fullFile": "/Users/nicksinazhenki/Downloads/Automated-Software-Testing-JS/test/mathUtils.test.js",
              "file": "/test/mathUtils.test.js",
              "beforeHooks": [],
              "afterHooks": [],
              "tests": [
                {
                  "title": "should subtract two numbers",
                  "fullTitle": "Math Utils subtract should subtract two numbers",
                  "timedOut": false,
                  "duration": 0,
                  "state": "passed",
                  "speed": "fast",
                  "pass": true,
                  "fail": false,
                  "pending": false,
                  "context": null,
                  "code": "expect(subtract(5, 4)).to.equal(1);",
                  "err": {},
                  "uuid": "8ec0af72-0f0f-45dc-a06f-36daf9455e4e",
                  "parentUUID": "69378cd3-13fb-4096-bea3-16ce072bef00",
                  "isHook": false,
                  "skipped": false
                }
              ],
              "suites": [],
              "passes": [
                "8ec0af72-0f0f-45dc-a06f-36daf9455e4e"
              ],
              "failures": [],
              "pending": [],
              "skipped": [],
              "duration": 0,
              "root": false,
              "rootEmpty": false,
              "_timeout": 2000
            },
            {
              "uuid": "ebe0bbc6-cbd8-4823-a26e-3ace47c245bb",
              "title": "multiply",
              "fullFile": "/Users/nicksinazhenki/Downloads/Automated-Software-Testing-JS/test/mathUtils.test.js",
              "file": "/test/mathUtils.test.js",
              "beforeHooks": [],
              "afterHooks": [],
              "tests": [
                {
                  "title": "should multiply two numbers",
                  "fullTitle": "Math Utils multiply should multiply two numbers",
                  "timedOut": false,
                  "duration": 0,
                  "state": "passed",
                  "speed": "fast",
                  "pass": true,
                  "fail": false,
                  "pending": false,
                  "context": null,
                  "code": "expect(multiply(5, 3)).to.equal(15);",
                  "err": {},
                  "uuid": "b05997d4-527c-4b43-86b0-5948fd51fea2",
                  "parentUUID": "ebe0bbc6-cbd8-4823-a26e-3ace47c245bb",
                  "isHook": false,
                  "skipped": false
                }
              ],
              "suites": [],
              "passes": [
                "b05997d4-527c-4b43-86b0-5948fd51fea2"
              ],
              "failures": [],
              "pending": [],
              "skipped": [],
              "duration": 0,
              "root": false,
              "rootEmpty": false,
              "_timeout": 2000
            },
            {
              "uuid": "5ecc48ce-355c-490f-9eaf-9a738693788b",
              "title": "divide",
              "fullFile": "/Users/nicksinazhenki/Downloads/Automated-Software-Testing-JS/test/mathUtils.test.js",
              "file": "/test/mathUtils.test.js",
              "beforeHooks": [],
              "afterHooks": [],
              "tests": [
                {
                  "title": "should divide two numbers",
                  "fullTitle": "Math Utils divide should divide two numbers",
                  "timedOut": false,
                  "duration": 0,
                  "state": "passed",
                  "speed": "fast",
                  "pass": true,
                  "fail": false,
                  "pending": false,
                  "context": null,
                  "code": "expect(divide(9, 3)).to.equal(3);",
                  "err": {},
                  "uuid": "d9898862-5405-4a57-8896-4f47ec9107e7",
                  "parentUUID": "5ecc48ce-355c-490f-9eaf-9a738693788b",
                  "isHook": false,
                  "skipped": false
                },
                {
                  "title": "should throw error when dividing by zero",
                  "fullTitle": "Math Utils divide should throw error when dividing by zero",
                  "timedOut": false,
                  "duration": 0,
                  "state": "passed",
                  "speed": "fast",
                  "pass": true,
                  "fail": false,
                  "pending": false,
                  "context": null,
                  "code": "expect(() => divide(1, 0)).to.throw(\"Cannot divide by zero\");",
                  "err": {},
                  "uuid": "ebb3cbe5-5651-4453-bb0d-2becb423ee29",
                  "parentUUID": "5ecc48ce-355c-490f-9eaf-9a738693788b",
                  "isHook": false,
                  "skipped": false
                }
              ],
              "suites": [],
              "passes": [
                "d9898862-5405-4a57-8896-4f47ec9107e7",
                "ebb3cbe5-5651-4453-bb0d-2becb423ee29"
              ],
              "failures": [],
              "pending": [],
              "skipped": [],
              "duration": 0,
              "root": false,
              "rootEmpty": false,
              "_timeout": 2000
            }
          ],
          "passes": [],
          "failures": [],
          "pending": [],
          "skipped": [],
          "duration": 0,
          "root": false,
          "rootEmpty": false,
          "_timeout": 2000
        },
        {
          "uuid": "62981476-69b1-423b-8353-f1defd54dbcd",
          "title": "String Utils",
          "fullFile": "/Users/nicksinazhenki/Downloads/Automated-Software-Testing-JS/test/stringUtils.test.js",
          "file": "/test/stringUtils.test.js",
          "beforeHooks": [],
          "afterHooks": [],
          "tests": [],
          "suites": [
            {
              "uuid": "e03bd273-68bd-434a-a65b-412fa3fb3318",
              "title": "capitalize",
              "fullFile": "/Users/nicksinazhenki/Downloads/Automated-Software-Testing-JS/test/stringUtils.test.js",
              "file": "/test/stringUtils.test.js",
              "beforeHooks": [],
              "afterHooks": [],
              "tests": [
                {
                  "title": "should capitalize the first letter of a string",
                  "fullTitle": "String Utils capitalize should capitalize the first letter of a string",
                  "timedOut": false,
                  "duration": 0,
                  "state": "passed",
                  "speed": "fast",
                  "pass": true,
                  "fail": false,
                  "pending": false,
                  "context": null,
                  "code": "expect(capitalize(\"hello\")).to.equal(\"Hello\");",
                  "err": {},
                  "uuid": "7db47176-422a-4bf0-9953-2f6e8a8d5610",
                  "parentUUID": "e03bd273-68bd-434a-a65b-412fa3fb3318",
                  "isHook": false,
                  "skipped": false
                },
                {
                  "title": "should throw error if input is not a string",
                  "fullTitle": "String Utils capitalize should throw error if input is not a string",
                  "timedOut": false,
                  "duration": 0,
                  "state": "passed",
                  "speed": "fast",
                  "pass": true,
                  "fail": false,
                  "pending": false,
                  "context": null,
                  "code": "expect(() => capitalize(123)).to.throw(\"Input must be a string\");",
                  "err": {},
                  "uuid": "9b386cd7-c79f-4a30-9186-cc031c4a7dbd",
                  "parentUUID": "e03bd273-68bd-434a-a65b-412fa3fb3318",
                  "isHook": false,
                  "skipped": false
                }
              ],
              "suites": [],
              "passes": [
                "7db47176-422a-4bf0-9953-2f6e8a8d5610",
                "9b386cd7-c79f-4a30-9186-cc031c4a7dbd"
              ],
              "failures": [],
              "pending": [],
              "skipped": [],
              "duration": 0,
              "root": false,
              "rootEmpty": false,
              "_timeout": 2000
            },
            {
              "uuid": "2f56b494-73c3-46f9-89ec-712c6132d1d8",
              "title": "reverseString",
              "fullFile": "/Users/nicksinazhenki/Downloads/Automated-Software-Testing-JS/test/stringUtils.test.js",
              "file": "/test/stringUtils.test.js",
              "beforeHooks": [],
              "afterHooks": [],
              "tests": [
                {
                  "title": "should reverse a string",
                  "fullTitle": "String Utils reverseString should reverse a string",
                  "timedOut": false,
                  "duration": 0,
                  "state": "passed",
                  "speed": "fast",
                  "pass": true,
                  "fail": false,
                  "pending": false,
                  "context": null,
                  "code": "expect(reverseString(\"world\")).to.equal(\"dlrow\");",
                  "err": {},
                  "uuid": "d8cdefbf-d5ed-4c78-9388-c50561fe7b5e",
                  "parentUUID": "2f56b494-73c3-46f9-89ec-712c6132d1d8",
                  "isHook": false,
                  "skipped": false
                },
                {
                  "title": "should throw error if input is not a string",
                  "fullTitle": "String Utils reverseString should throw error if input is not a string",
                  "timedOut": false,
                  "duration": 0,
                  "state": "passed",
                  "speed": "fast",
                  "pass": true,
                  "fail": false,
                  "pending": false,
                  "context": null,
                  "code": "expect(() => reverseString(123)).to.throw(\"Input must be a string\");",
                  "err": {},
                  "uuid": "c091465f-24d5-4a7e-b00f-37c69d61f44b",
                  "parentUUID": "2f56b494-73c3-46f9-89ec-712c6132d1d8",
                  "isHook": false,
                  "skipped": false
                }
              ],
              "suites": [],
              "passes": [
                "d8cdefbf-d5ed-4c78-9388-c50561fe7b5e",
                "c091465f-24d5-4a7e-b00f-37c69d61f44b"
              ],
              "failures": [],
              "pending": [],
              "skipped": [],
              "duration": 0,
              "root": false,
              "rootEmpty": false,
              "_timeout": 2000
            },
            {
              "uuid": "fc98480b-261a-495f-addf-3be0e8cebde1",
              "title": "isPalindrome",
              "fullFile": "/Users/nicksinazhenki/Downloads/Automated-Software-Testing-JS/test/stringUtils.test.js",
              "file": "/test/stringUtils.test.js",
              "beforeHooks": [],
              "afterHooks": [],
              "tests": [
                {
                  "title": "should return true for a palindrome",
                  "fullTitle": "String Utils isPalindrome should return true for a palindrome",
                  "timedOut": false,
                  "duration": 0,
                  "state": "passed",
                  "speed": "fast",
                  "pass": true,
                  "fail": false,
                  "pending": false,
                  "context": null,
                  "code": "expect(isPalindrome(\"madam\")).to.be.true;",
                  "err": {},
                  "uuid": "f65c0f26-de2c-406e-9c1c-254e2eb89496",
                  "parentUUID": "fc98480b-261a-495f-addf-3be0e8cebde1",
                  "isHook": false,
                  "skipped": false
                },
                {
                  "title": "should return false for a non-palindrome",
                  "fullTitle": "String Utils isPalindrome should return false for a non-palindrome",
                  "timedOut": false,
                  "duration": 0,
                  "state": "passed",
                  "speed": "fast",
                  "pass": true,
                  "fail": false,
                  "pending": false,
                  "context": null,
                  "code": "expect(isPalindrome(\"check\")).to.be.false;",
                  "err": {},
                  "uuid": "10d7b32e-5eea-4d0c-92ff-063ff69fe77d",
                  "parentUUID": "fc98480b-261a-495f-addf-3be0e8cebde1",
                  "isHook": false,
                  "skipped": false
                },
                {
                  "title": "should throw error if input is not a string",
                  "fullTitle": "String Utils isPalindrome should throw error if input is not a string",
                  "timedOut": false,
                  "duration": 0,
                  "state": "passed",
                  "speed": "fast",
                  "pass": true,
                  "fail": false,
                  "pending": false,
                  "context": null,
                  "code": "expect(() => isPalindrome(123)).to.throw(\"Input must be a string\");",
                  "err": {},
                  "uuid": "c920e3ab-4787-46f4-ab5b-5da1b2204e13",
                  "parentUUID": "fc98480b-261a-495f-addf-3be0e8cebde1",
                  "isHook": false,
                  "skipped": false
                }
              ],
              "suites": [],
              "passes": [
                "f65c0f26-de2c-406e-9c1c-254e2eb89496",
                "10d7b32e-5eea-4d0c-92ff-063ff69fe77d",
                "c920e3ab-4787-46f4-ab5b-5da1b2204e13"
              ],
              "failures": [],
              "pending": [],
              "skipped": [],
              "duration": 0,
              "root": false,
              "rootEmpty": false,
              "_timeout": 2000
            }
          ],
          "passes": [],
          "failures": [],
          "pending": [],
          "skipped": [],
          "duration": 0,
          "root": false,
          "rootEmpty": false,
          "_timeout": 2000
        },
        {
          "uuid": "d4a55f80-a07d-4c7d-b379-21e137eb1c5f",
          "title": "Student Knowledge Checker",
          "fullFile": "/Users/nicksinazhenki/Downloads/Automated-Software-Testing-JS/test/studentKnowledgeChecker.test.js",
          "file": "/test/studentKnowledgeChecker.test.js",
          "beforeHooks": [],
          "afterHooks": [],
          "tests": [
            {
              "title": "should return true when all answers are correct",
              "fullTitle": "Student Knowledge Checker should return true when all answers are correct",
              "timedOut": false,
              "duration": 0,
              "state": "passed",
              "speed": "fast",
              "pass": true,
              "fail": false,
              "pending": false,
              "context": null,
              "code": "const studentAnswers = { question1: \"A\", question2: \"B\" };\nconst correctAnswers = { question1: \"A\", question2: \"B\" };\nexpect(checkStudentKnowledge(studentAnswers, correctAnswers)).to.be.true;",
              "err": {},
              "uuid": "cf495e5c-ec75-4042-8dd0-bfecee659309",
              "parentUUID": "d4a55f80-a07d-4c7d-b379-21e137eb1c5f",
              "isHook": false,
              "skipped": false
            },
            {
              "title": "should return false when one answer is incorrect",
              "fullTitle": "Student Knowledge Checker should return false when one answer is incorrect",
              "timedOut": false,
              "duration": 0,
              "state": "passed",
              "speed": "fast",
              "pass": true,
              "fail": false,
              "pending": false,
              "context": null,
              "code": "const studentAnswers = { question1: \"A\", question2: \"B\" };\nconst correctAnswers = { question1: \"A\", question2: \"C\" };\nexpect(checkStudentKnowledge(studentAnswers, correctAnswers)).to.be.false;",
              "err": {},
              "uuid": "ee86376d-95ce-4a59-a7d5-afa7e620f70b",
              "parentUUID": "d4a55f80-a07d-4c7d-b379-21e137eb1c5f",
              "isHook": false,
              "skipped": false
            },
            {
              "title": "should return false when keys are different",
              "fullTitle": "Student Knowledge Checker should return false when keys are different",
              "timedOut": false,
              "duration": 0,
              "state": "passed",
              "speed": "fast",
              "pass": true,
              "fail": false,
              "pending": false,
              "context": null,
              "code": "const studentAnswers = { question1: \"A\", question3: \"B\" };\nconst correctAnswers = { question1: \"A\", question2: \"B\" };\nexpect(checkStudentKnowledge(studentAnswers, correctAnswers)).to.be.false;",
              "err": {},
              "uuid": "4040a2ef-af48-48cf-a339-1386a36a4160",
              "parentUUID": "d4a55f80-a07d-4c7d-b379-21e137eb1c5f",
              "isHook": false,
              "skipped": false
            },
            {
              "title": "should return false when number of answers is different",
              "fullTitle": "Student Knowledge Checker should return false when number of answers is different",
              "timedOut": false,
              "duration": 0,
              "state": "passed",
              "speed": "fast",
              "pass": true,
              "fail": false,
              "pending": false,
              "context": null,
              "code": "const studentAnswers = { question1: \"A\" };\nconst correctAnswers = { question1: \"A\", question2: \"B\" };\nexpect(checkStudentKnowledge(studentAnswers, correctAnswers)).to.be.false;",
              "err": {},
              "uuid": "b0689bf7-9109-40ba-8653-7aa1c2c9cfee",
              "parentUUID": "d4a55f80-a07d-4c7d-b379-21e137eb1c5f",
              "isHook": false,
              "skipped": false
            }
          ],
          "suites": [],
          "passes": [
            "cf495e5c-ec75-4042-8dd0-bfecee659309",
            "ee86376d-95ce-4a59-a7d5-afa7e620f70b",
            "4040a2ef-af48-48cf-a339-1386a36a4160",
            "b0689bf7-9109-40ba-8653-7aa1c2c9cfee"
          ],
          "failures": [],
          "pending": [],
          "skipped": [],
          "duration": 0,
          "root": false,
          "rootEmpty": false,
          "_timeout": 2000
        },
        {
          "uuid": "fd201f18-12de-4ccc-a827-a898b04b0e35",
          "title": "filterUsersByAge",
          "fullFile": "/Users/nicksinazhenki/Downloads/Automated-Software-Testing-JS/test/usersListUtils.test.js",
          "file": "/test/usersListUtils.test.js",
          "beforeHooks": [],
          "afterHooks": [],
          "tests": [
            {
              "title": "should return users within the age range",
              "fullTitle": "filterUsersByAge should return users within the age range",
              "timedOut": false,
              "duration": 0,
              "state": "passed",
              "speed": "fast",
              "pass": true,
              "fail": false,
              "pending": false,
              "context": null,
              "code": "const result = filterUsersByAge(sampleUsers, 21, 30);\nexpect(result).to.deep.equal([\n  { id: 1, name: 'Vasya', age: 25, email: 'vasya@example.com' },\n  { id: 2, name: 'Gena', age: 30, email: 'gena@example.com' },\n]);",
              "err": {},
              "uuid": "2f88ed65-5ba9-425c-859a-19f670b8ca60",
              "parentUUID": "fd201f18-12de-4ccc-a827-a898b04b0e35",
              "isHook": false,
              "skipped": false
            },
            {
              "title": "should return an empty array if no users match",
              "fullTitle": "filterUsersByAge should return an empty array if no users match",
              "timedOut": false,
              "duration": 1,
              "state": "passed",
              "speed": "fast",
              "pass": true,
              "fail": false,
              "pending": false,
              "context": null,
              "code": "const result = filterUsersByAge(sampleUsers, 40, 50);\nexpect(result).to.deep.equal([]);",
              "err": {},
              "uuid": "ac079e28-3c10-471d-a306-8178cd50b441",
              "parentUUID": "fd201f18-12de-4ccc-a827-a898b04b0e35",
              "isHook": false,
              "skipped": false
            },
            {
              "title": "should throw an error if users is not an array",
              "fullTitle": "filterUsersByAge should throw an error if users is not an array",
              "timedOut": false,
              "duration": 0,
              "state": "passed",
              "speed": "fast",
              "pass": true,
              "fail": false,
              "pending": false,
              "context": null,
              "code": "expect(() => filterUsersByAge(null, 18, 25)).to.throw('Users must be an array');",
              "err": {},
              "uuid": "e92b0cb2-9b8f-4ad9-8420-562aec8d7f00",
              "parentUUID": "fd201f18-12de-4ccc-a827-a898b04b0e35",
              "isHook": false,
              "skipped": false
            }
          ],
          "suites": [],
          "passes": [
            "2f88ed65-5ba9-425c-859a-19f670b8ca60",
            "ac079e28-3c10-471d-a306-8178cd50b441",
            "e92b0cb2-9b8f-4ad9-8420-562aec8d7f00"
          ],
          "failures": [],
          "pending": [],
          "skipped": [],
          "duration": 1,
          "root": false,
          "rootEmpty": false,
          "_timeout": 2000
        },
        {
          "uuid": "c79fe16e-8a29-44e5-b177-cb3984029b05",
          "title": "sortUsersByName",
          "fullFile": "/Users/nicksinazhenki/Downloads/Automated-Software-Testing-JS/test/usersListUtils.test.js",
          "file": "/test/usersListUtils.test.js",
          "beforeHooks": [],
          "afterHooks": [],
          "tests": [
            {
              "title": "should sort users alphabetically by name",
              "fullTitle": "sortUsersByName should sort users alphabetically by name",
              "timedOut": false,
              "duration": 11,
              "state": "passed",
              "speed": "fast",
              "pass": true,
              "fail": false,
              "pending": false,
              "context": null,
              "code": "const result = sortUsersByName(sampleUsers);\nexpect(result.map(u => u.name)).to.deep.equal(['Gena', 'Gora', 'Vasya']);",
              "err": {},
              "uuid": "754f718d-9255-4fe8-9f82-afd9b6328751",
              "parentUUID": "c79fe16e-8a29-44e5-b177-cb3984029b05",
              "isHook": false,
              "skipped": false
            },
            {
              "title": "should not modify the original array",
              "fullTitle": "sortUsersByName should not modify the original array",
              "timedOut": false,
              "duration": 0,
              "state": "passed",
              "speed": "fast",
              "pass": true,
              "fail": false,
              "pending": false,
              "context": null,
              "code": "const original = [...sampleUsers];\nsortUsersByName(sampleUsers);\nexpect(sampleUsers).to.deep.equal(original);",
              "err": {},
              "uuid": "2fe49bc5-b4e7-4e28-9290-829870a5f5a6",
              "parentUUID": "c79fe16e-8a29-44e5-b177-cb3984029b05",
              "isHook": false,
              "skipped": false
            },
            {
              "title": "should throw an error if users is not an array",
              "fullTitle": "sortUsersByName should throw an error if users is not an array",
              "timedOut": false,
              "duration": 0,
              "state": "passed",
              "speed": "fast",
              "pass": true,
              "fail": false,
              "pending": false,
              "context": null,
              "code": "expect(() => sortUsersByName(undefined)).to.throw('Users must be an array');",
              "err": {},
              "uuid": "ad3085c3-5855-4324-8e7e-dda9ffd49351",
              "parentUUID": "c79fe16e-8a29-44e5-b177-cb3984029b05",
              "isHook": false,
              "skipped": false
            }
          ],
          "suites": [],
          "passes": [
            "754f718d-9255-4fe8-9f82-afd9b6328751",
            "2fe49bc5-b4e7-4e28-9290-829870a5f5a6",
            "ad3085c3-5855-4324-8e7e-dda9ffd49351"
          ],
          "failures": [],
          "pending": [],
          "skipped": [],
          "duration": 11,
          "root": false,
          "rootEmpty": false,
          "_timeout": 2000
        },
        {
          "uuid": "e40e9534-e78d-4a6f-a898-c028ad9b4e71",
          "title": "findUserById",
          "fullFile": "/Users/nicksinazhenki/Downloads/Automated-Software-Testing-JS/test/usersListUtils.test.js",
          "file": "/test/usersListUtils.test.js",
          "beforeHooks": [],
          "afterHooks": [],
          "tests": [
            {
              "title": "should return the user with the given id",
              "fullTitle": "findUserById should return the user with the given id",
              "timedOut": false,
              "duration": 0,
              "state": "passed",
              "speed": "fast",
              "pass": true,
              "fail": false,
              "pending": false,
              "context": null,
              "code": "const result = findUserById(sampleUsers, 2);\nexpect(result.name).to.equal('Gena');",
              "err": {},
              "uuid": "4b063b3b-8eaa-485b-b0eb-dd2cb011ed48",
              "parentUUID": "e40e9534-e78d-4a6f-a898-c028ad9b4e71",
              "isHook": false,
              "skipped": false
            },
            {
              "title": "should return null if no user is found",
              "fullTitle": "findUserById should return null if no user is found",
              "timedOut": false,
              "duration": 0,
              "state": "passed",
              "speed": "fast",
              "pass": true,
              "fail": false,
              "pending": false,
              "context": null,
              "code": "const result = findUserById(sampleUsers, 99);\nexpect(result).to.be.null;",
              "err": {},
              "uuid": "60e91f67-1119-4e14-bd90-0a28bf22e7cf",
              "parentUUID": "e40e9534-e78d-4a6f-a898-c028ad9b4e71",
              "isHook": false,
              "skipped": false
            },
            {
              "title": "should throw an error if users is not an array",
              "fullTitle": "findUserById should throw an error if users is not an array",
              "timedOut": false,
              "duration": 0,
              "state": "passed",
              "speed": "fast",
              "pass": true,
              "fail": false,
              "pending": false,
              "context": null,
              "code": "expect(() => findUserById({}, 1)).to.throw('Users must be an array');",
              "err": {},
              "uuid": "58ade090-4aa6-45e5-a9da-18b2125fe471",
              "parentUUID": "e40e9534-e78d-4a6f-a898-c028ad9b4e71",
              "isHook": false,
              "skipped": false
            }
          ],
          "suites": [],
          "passes": [
            "4b063b3b-8eaa-485b-b0eb-dd2cb011ed48",
            "60e91f67-1119-4e14-bd90-0a28bf22e7cf",
            "58ade090-4aa6-45e5-a9da-18b2125fe471"
          ],
          "failures": [],
          "pending": [],
          "skipped": [],
          "duration": 0,
          "root": false,
          "rootEmpty": false,
          "_timeout": 2000
        },
        {
          "uuid": "7e37c06e-9a15-4a03-9a98-7e736ee2698b",
          "title": "isEmailTaken",
          "fullFile": "/Users/nicksinazhenki/Downloads/Automated-Software-Testing-JS/test/usersListUtils.test.js",
          "file": "/test/usersListUtils.test.js",
          "beforeHooks": [],
          "afterHooks": [],
          "tests": [
            {
              "title": "should return true if email exists",
              "fullTitle": "isEmailTaken should return true if email exists",
              "timedOut": false,
              "duration": 0,
              "state": "passed",
              "speed": "fast",
              "pass": true,
              "fail": false,
              "pending": false,
              "context": null,
              "code": "expect(isEmailTaken(sampleUsers, 'gena@example.com')).to.be.true;",
              "err": {},
              "uuid": "01b09b95-1795-4317-b654-d34bd6992098",
              "parentUUID": "7e37c06e-9a15-4a03-9a98-7e736ee2698b",
              "isHook": false,
              "skipped": false
            },
            {
              "title": "should return false if email does not exist",
              "fullTitle": "isEmailTaken should return false if email does not exist",
              "timedOut": false,
              "duration": 0,
              "state": "passed",
              "speed": "fast",
              "pass": true,
              "fail": false,
              "pending": false,
              "context": null,
              "code": "expect(isEmailTaken(sampleUsers, 'nobody@example.com')).to.be.false;",
              "err": {},
              "uuid": "28c07edb-c989-4100-bb6c-17f13171ca4d",
              "parentUUID": "7e37c06e-9a15-4a03-9a98-7e736ee2698b",
              "isHook": false,
              "skipped": false
            },
            {
              "title": "should throw an error if users is not an array",
              "fullTitle": "isEmailTaken should throw an error if users is not an array",
              "timedOut": false,
              "duration": 0,
              "state": "passed",
              "speed": "fast",
              "pass": true,
              "fail": false,
              "pending": false,
              "context": null,
              "code": "expect(() => isEmailTaken(null, 'test@example.com')).to.throw('Users must be an array');",
              "err": {},
              "uuid": "55936216-53b9-46ab-9150-0657bfc82be8",
              "parentUUID": "7e37c06e-9a15-4a03-9a98-7e736ee2698b",
              "isHook": false,
              "skipped": false
            }
          ],
          "suites": [],
          "passes": [
            "01b09b95-1795-4317-b654-d34bd6992098",
            "28c07edb-c989-4100-bb6c-17f13171ca4d",
            "55936216-53b9-46ab-9150-0657bfc82be8"
          ],
          "failures": [],
          "pending": [],
          "skipped": [],
          "duration": 0,
          "root": false,
          "rootEmpty": false,
          "_timeout": 2000
        }
      ],
      "passes": [],
      "failures": [],
      "pending": [],
      "skipped": [],
      "duration": 0,
      "root": true,
      "rootEmpty": true,
      "_timeout": 2000
    }
  ],
  "meta": {
    "mocha": {
      "version": "11.1.0"
    },
    "mochawesome": {
      "options": {
        "quiet": true,
        "reportFilename": "test-report",
        "saveHtml": true,
        "saveJson": true,
        "consoleReporter": "spec",
        "useInlineDiffs": false,
        "code": true
      },
      "version": "7.1.3"
    },
    "marge": {
      "options": {
        "id": "default",
        "reportDir": "reports/assets",
        "reportFilename": "test-report",
        "quiet": true,
        "overwrite": true,
        "html": true,
        "json": true
      },
      "version": "6.2.0"
    }
  }
}