{
  "stats": {
    "suites": 18,
    "tests": 37,
    "passes": 37,
    "pending": 0,
    "failures": 0,
    "start": "2025-04-17T18:18:44.876Z",
    "end": "2025-04-17T18:18:44.896Z",
    "duration": 20,
    "testsRegistered": 37,
    "passPercent": 100,
    "pendingPercent": 0,
    "other": 0,
    "hasOther": false,
    "skipped": 0,
    "hasSkipped": false
  },
  "results": [
    {
      "uuid": "e78aa880-6199-41f6-9c80-8a0f772e26aa",
      "title": "",
      "fullFile": "",
      "file": "",
      "beforeHooks": [],
      "afterHooks": [],
      "tests": [],
      "suites": [
        {
          "uuid": "006d1427-73f8-4375-9f10-e625df759390",
          "title": "Array Utils",
          "fullFile": "/Users/nicksinazhenki/Downloads/Automated-Software-Testing-JS/test/arrayUtils.test.js",
          "file": "/test/arrayUtils.test.js",
          "beforeHooks": [],
          "afterHooks": [],
          "tests": [],
          "suites": [
            {
              "uuid": "e5a56b69-47b7-469b-abf1-8c12b7053534",
              "title": "findMax",
              "fullFile": "/Users/nicksinazhenki/Downloads/Automated-Software-Testing-JS/test/arrayUtils.test.js",
              "file": "/test/arrayUtils.test.js",
              "beforeHooks": [],
              "afterHooks": [],
              "tests": [
                {
                  "title": "should return the max value in the array",
                  "fullTitle": "Array Utils findMax should return the max value in the array",
                  "timedOut": false,
                  "duration": 1,
                  "state": "passed",
                  "speed": "fast",
                  "pass": true,
                  "fail": false,
                  "pending": false,
                  "context": null,
                  "code": "expect(findMax([7, 14, 3, 21])).to.equal(21);",
                  "err": {},
                  "uuid": "03ca470b-3e0e-4026-8f20-b624be7f36cc",
                  "parentUUID": "e5a56b69-47b7-469b-abf1-8c12b7053534",
                  "isHook": false,
                  "skipped": false
                },
                {
                  "title": "should handle negative numbers",
                  "fullTitle": "Array Utils findMax should handle negative numbers",
                  "timedOut": false,
                  "duration": 0,
                  "state": "passed",
                  "speed": "fast",
                  "pass": true,
                  "fail": false,
                  "pending": false,
                  "context": null,
                  "code": "expect(findMax([-15, -4, -9])).to.equal(-4);",
                  "err": {},
                  "uuid": "6c3760db-e98b-41bf-8ee6-60dbe6ac7bbf",
                  "parentUUID": "e5a56b69-47b7-469b-abf1-8c12b7053534",
                  "isHook": false,
                  "skipped": false
                },
                {
                  "title": "should throw error if input is not an array",
                  "fullTitle": "Array Utils findMax should throw error if input is not an array",
                  "timedOut": false,
                  "duration": 1,
                  "state": "passed",
                  "speed": "fast",
                  "pass": true,
                  "fail": false,
                  "pending": false,
                  "context": null,
                  "code": "expect(() => findMax(\"not array\")).to.throw(\"Input must be an array\");",
                  "err": {},
                  "uuid": "c54d5051-b697-460a-b242-575d145339b2",
                  "parentUUID": "e5a56b69-47b7-469b-abf1-8c12b7053534",
                  "isHook": false,
                  "skipped": false
                }
              ],
              "suites": [],
              "passes": [
                "03ca470b-3e0e-4026-8f20-b624be7f36cc",
                "6c3760db-e98b-41bf-8ee6-60dbe6ac7bbf",
                "c54d5051-b697-460a-b242-575d145339b2"
              ],
              "failures": [],
              "pending": [],
              "skipped": [],
              "duration": 2,
              "root": false,
              "rootEmpty": false,
              "_timeout": 2000
            },
            {
              "uuid": "430c44fd-738d-482b-a42b-e43ce3ca5879",
              "title": "findMin",
              "fullFile": "/Users/nicksinazhenki/Downloads/Automated-Software-Testing-JS/test/arrayUtils.test.js",
              "file": "/test/arrayUtils.test.js",
              "beforeHooks": [],
              "afterHooks": [],
              "tests": [
                {
                  "title": "should return the min value in the array",
                  "fullTitle": "Array Utils findMin should return the min value in the array",
                  "timedOut": false,
                  "duration": 0,
                  "state": "passed",
                  "speed": "fast",
                  "pass": true,
                  "fail": false,
                  "pending": false,
                  "context": null,
                  "code": "expect(findMin([100, 35, 67, 4])).to.equal(4);",
                  "err": {},
                  "uuid": "2e79903a-8d49-4343-a3ac-ee76371d242d",
                  "parentUUID": "430c44fd-738d-482b-a42b-e43ce3ca5879",
                  "isHook": false,
                  "skipped": false
                },
                {
                  "title": "should handle positive numbers",
                  "fullTitle": "Array Utils findMin should handle positive numbers",
                  "timedOut": false,
                  "duration": 0,
                  "state": "passed",
                  "speed": "fast",
                  "pass": true,
                  "fail": false,
                  "pending": false,
                  "context": null,
                  "code": "expect(findMin([10, 20, 30])).to.equal(10);",
                  "err": {},
                  "uuid": "7d994c69-01c1-451b-b844-db2e1e48a9ca",
                  "parentUUID": "430c44fd-738d-482b-a42b-e43ce3ca5879",
                  "isHook": false,
                  "skipped": false
                },
                {
                  "title": "should throw error if input is not an array",
                  "fullTitle": "Array Utils findMin should throw error if input is not an array",
                  "timedOut": false,
                  "duration": 0,
                  "state": "passed",
                  "speed": "fast",
                  "pass": true,
                  "fail": false,
                  "pending": false,
                  "context": null,
                  "code": "expect(() => findMin(123)).to.throw(\"Input must be an array\");",
                  "err": {},
                  "uuid": "f46adec1-98ce-4eee-a57e-72b03a740f3f",
                  "parentUUID": "430c44fd-738d-482b-a42b-e43ce3ca5879",
                  "isHook": false,
                  "skipped": false
                }
              ],
              "suites": [],
              "passes": [
                "2e79903a-8d49-4343-a3ac-ee76371d242d",
                "7d994c69-01c1-451b-b844-db2e1e48a9ca",
                "f46adec1-98ce-4eee-a57e-72b03a740f3f"
              ],
              "failures": [],
              "pending": [],
              "skipped": [],
              "duration": 0,
              "root": false,
              "rootEmpty": false,
              "_timeout": 2000
            },
            {
              "uuid": "b0911164-d51a-4842-8a62-489aedb47256",
              "title": "removeDuplicates",
              "fullFile": "/Users/nicksinazhenki/Downloads/Automated-Software-Testing-JS/test/arrayUtils.test.js",
              "file": "/test/arrayUtils.test.js",
              "beforeHooks": [],
              "afterHooks": [],
              "tests": [
                {
                  "title": "should remove duplicates from array",
                  "fullTitle": "Array Utils removeDuplicates should remove duplicates from array",
                  "timedOut": false,
                  "duration": 0,
                  "state": "passed",
                  "speed": "fast",
                  "pass": true,
                  "fail": false,
                  "pending": false,
                  "context": null,
                  "code": "expect(removeDuplicates([1, 2, 2, 3, 4, 4])).to.deep.equal([1, 2, 3, 4]);",
                  "err": {},
                  "uuid": "ca7a0220-d3bf-485b-b610-e00ac05e6cb7",
                  "parentUUID": "b0911164-d51a-4842-8a62-489aedb47256",
                  "isHook": false,
                  "skipped": false
                },
                {
                  "title": "should return same array if no duplicates",
                  "fullTitle": "Array Utils removeDuplicates should return same array if no duplicates",
                  "timedOut": false,
                  "duration": 0,
                  "state": "passed",
                  "speed": "fast",
                  "pass": true,
                  "fail": false,
                  "pending": false,
                  "context": null,
                  "code": "expect(removeDuplicates([5, 6, 7])).to.deep.equal([5, 6, 7]);",
                  "err": {},
                  "uuid": "743958f2-38d9-4806-b11a-acc18e626bfb",
                  "parentUUID": "b0911164-d51a-4842-8a62-489aedb47256",
                  "isHook": false,
                  "skipped": false
                },
                {
                  "title": "should throw error if input is not an array",
                  "fullTitle": "Array Utils removeDuplicates should throw error if input is not an array",
                  "timedOut": false,
                  "duration": 0,
                  "state": "passed",
                  "speed": "fast",
                  "pass": true,
                  "fail": false,
                  "pending": false,
                  "context": null,
                  "code": "expect(() => removeDuplicates(null)).to.throw(\"Input must be an array\");",
                  "err": {},
                  "uuid": "d71d0170-2355-49ee-89fa-692a4cf3155e",
                  "parentUUID": "b0911164-d51a-4842-8a62-489aedb47256",
                  "isHook": false,
                  "skipped": false
                }
              ],
              "suites": [],
              "passes": [
                "ca7a0220-d3bf-485b-b610-e00ac05e6cb7",
                "743958f2-38d9-4806-b11a-acc18e626bfb",
                "d71d0170-2355-49ee-89fa-692a4cf3155e"
              ],
              "failures": [],
              "pending": [],
              "skipped": [],
              "duration": 0,
              "root": false,
              "rootEmpty": false,
              "_timeout": 2000
            }
          ],
          "passes": [],
          "failures": [],
          "pending": [],
          "skipped": [],
          "duration": 0,
          "root": false,
          "rootEmpty": false,
          "_timeout": 2000
        },
        {
          "uuid": "e1d99f20-2f46-45d4-ad77-4fa2ae1892c7",
          "title": "Math Utils",
          "fullFile": "/Users/nicksinazhenki/Downloads/Automated-Software-Testing-JS/test/mathUtils.test.js",
          "file": "/test/mathUtils.test.js",
          "beforeHooks": [],
          "afterHooks": [],
          "tests": [],
          "suites": [
            {
              "uuid": "55c9f7d8-a3bb-4fec-ab6f-aa6513185a5d",
              "title": "add",
              "fullFile": "/Users/nicksinazhenki/Downloads/Automated-Software-Testing-JS/test/mathUtils.test.js",
              "file": "/test/mathUtils.test.js",
              "beforeHooks": [],
              "afterHooks": [],
              "tests": [
                {
                  "title": "should add two numbers",
                  "fullTitle": "Math Utils add should add two numbers",
                  "timedOut": false,
                  "duration": 0,
                  "state": "passed",
                  "speed": "fast",
                  "pass": true,
                  "fail": false,
                  "pending": false,
                  "context": null,
                  "code": "expect(add(2, 5)).to.equal(7);",
                  "err": {},
                  "uuid": "ce478a43-4dcd-4937-9bce-53cf6db8a15d",
                  "parentUUID": "55c9f7d8-a3bb-4fec-ab6f-aa6513185a5d",
                  "isHook": false,
                  "skipped": false
                }
              ],
              "suites": [],
              "passes": [
                "ce478a43-4dcd-4937-9bce-53cf6db8a15d"
              ],
              "failures": [],
              "pending": [],
              "skipped": [],
              "duration": 0,
              "root": false,
              "rootEmpty": false,
              "_timeout": 2000
            },
            {
              "uuid": "5b1e6000-5f7a-4f4a-bb41-55a91b2dd4af",
              "title": "subtract",
              "fullFile": "/Users/nicksinazhenki/Downloads/Automated-Software-Testing-JS/test/mathUtils.test.js",
              "file": "/test/mathUtils.test.js",
              "beforeHooks": [],
              "afterHooks": [],
              "tests": [
                {
                  "title": "should subtract two numbers",
                  "fullTitle": "Math Utils subtract should subtract two numbers",
                  "timedOut": false,
                  "duration": 0,
                  "state": "passed",
                  "speed": "fast",
                  "pass": true,
                  "fail": false,
                  "pending": false,
                  "context": null,
                  "code": "expect(subtract(5, 4)).to.equal(1);",
                  "err": {},
                  "uuid": "c0cf0b2a-a36f-40e7-ba93-9e5b606fa5e7",
                  "parentUUID": "5b1e6000-5f7a-4f4a-bb41-55a91b2dd4af",
                  "isHook": false,
                  "skipped": false
                }
              ],
              "suites": [],
              "passes": [
                "c0cf0b2a-a36f-40e7-ba93-9e5b606fa5e7"
              ],
              "failures": [],
              "pending": [],
              "skipped": [],
              "duration": 0,
              "root": false,
              "rootEmpty": false,
              "_timeout": 2000
            },
            {
              "uuid": "f94a2cd7-eadf-42e2-952d-270b7fb79d80",
              "title": "multiply",
              "fullFile": "/Users/nicksinazhenki/Downloads/Automated-Software-Testing-JS/test/mathUtils.test.js",
              "file": "/test/mathUtils.test.js",
              "beforeHooks": [],
              "afterHooks": [],
              "tests": [
                {
                  "title": "should multiply two numbers",
                  "fullTitle": "Math Utils multiply should multiply two numbers",
                  "timedOut": false,
                  "duration": 0,
                  "state": "passed",
                  "speed": "fast",
                  "pass": true,
                  "fail": false,
                  "pending": false,
                  "context": null,
                  "code": "expect(multiply(5, 3)).to.equal(15);",
                  "err": {},
                  "uuid": "f4466aba-337a-429b-a9a6-e784bfd6a1a6",
                  "parentUUID": "f94a2cd7-eadf-42e2-952d-270b7fb79d80",
                  "isHook": false,
                  "skipped": false
                }
              ],
              "suites": [],
              "passes": [
                "f4466aba-337a-429b-a9a6-e784bfd6a1a6"
              ],
              "failures": [],
              "pending": [],
              "skipped": [],
              "duration": 0,
              "root": false,
              "rootEmpty": false,
              "_timeout": 2000
            },
            {
              "uuid": "8a1aab49-0f72-499a-ab8a-0f4372a507ae",
              "title": "divide",
              "fullFile": "/Users/nicksinazhenki/Downloads/Automated-Software-Testing-JS/test/mathUtils.test.js",
              "file": "/test/mathUtils.test.js",
              "beforeHooks": [],
              "afterHooks": [],
              "tests": [
                {
                  "title": "should divide two numbers",
                  "fullTitle": "Math Utils divide should divide two numbers",
                  "timedOut": false,
                  "duration": 0,
                  "state": "passed",
                  "speed": "fast",
                  "pass": true,
                  "fail": false,
                  "pending": false,
                  "context": null,
                  "code": "expect(divide(9, 3)).to.equal(3);",
                  "err": {},
                  "uuid": "cb790983-6466-4fbd-9039-a13e4a361a1f",
                  "parentUUID": "8a1aab49-0f72-499a-ab8a-0f4372a507ae",
                  "isHook": false,
                  "skipped": false
                },
                {
                  "title": "should throw error when dividing by zero",
                  "fullTitle": "Math Utils divide should throw error when dividing by zero",
                  "timedOut": false,
                  "duration": 0,
                  "state": "passed",
                  "speed": "fast",
                  "pass": true,
                  "fail": false,
                  "pending": false,
                  "context": null,
                  "code": "expect(() => divide(1, 0)).to.throw(\"Cannot divide by zero\");",
                  "err": {},
                  "uuid": "ca66185c-234e-4ac2-b0fd-4b47b6a3b81b",
                  "parentUUID": "8a1aab49-0f72-499a-ab8a-0f4372a507ae",
                  "isHook": false,
                  "skipped": false
                }
              ],
              "suites": [],
              "passes": [
                "cb790983-6466-4fbd-9039-a13e4a361a1f",
                "ca66185c-234e-4ac2-b0fd-4b47b6a3b81b"
              ],
              "failures": [],
              "pending": [],
              "skipped": [],
              "duration": 0,
              "root": false,
              "rootEmpty": false,
              "_timeout": 2000
            }
          ],
          "passes": [],
          "failures": [],
          "pending": [],
          "skipped": [],
          "duration": 0,
          "root": false,
          "rootEmpty": false,
          "_timeout": 2000
        },
        {
          "uuid": "f20cbd3d-83e3-4f3c-bf5e-ad4838e3c8dd",
          "title": "String Utils",
          "fullFile": "/Users/nicksinazhenki/Downloads/Automated-Software-Testing-JS/test/stringUtils.test.js",
          "file": "/test/stringUtils.test.js",
          "beforeHooks": [],
          "afterHooks": [],
          "tests": [],
          "suites": [
            {
              "uuid": "de591950-4b26-4ba3-9537-dffbf390f18c",
              "title": "capitalize",
              "fullFile": "/Users/nicksinazhenki/Downloads/Automated-Software-Testing-JS/test/stringUtils.test.js",
              "file": "/test/stringUtils.test.js",
              "beforeHooks": [],
              "afterHooks": [],
              "tests": [
                {
                  "title": "should capitalize the first letter of a string",
                  "fullTitle": "String Utils capitalize should capitalize the first letter of a string",
                  "timedOut": false,
                  "duration": 0,
                  "state": "passed",
                  "speed": "fast",
                  "pass": true,
                  "fail": false,
                  "pending": false,
                  "context": null,
                  "code": "expect(capitalize(\"hello\")).to.equal(\"Hello\");",
                  "err": {},
                  "uuid": "2517cec7-76f2-4cbf-8de2-671ff76ebc10",
                  "parentUUID": "de591950-4b26-4ba3-9537-dffbf390f18c",
                  "isHook": false,
                  "skipped": false
                },
                {
                  "title": "should throw error if input is not a string",
                  "fullTitle": "String Utils capitalize should throw error if input is not a string",
                  "timedOut": false,
                  "duration": 0,
                  "state": "passed",
                  "speed": "fast",
                  "pass": true,
                  "fail": false,
                  "pending": false,
                  "context": null,
                  "code": "expect(() => capitalize(123)).to.throw(\"Input must be a string\");",
                  "err": {},
                  "uuid": "8a4a0d0b-0602-48d9-ba9d-aa1f2821a8a7",
                  "parentUUID": "de591950-4b26-4ba3-9537-dffbf390f18c",
                  "isHook": false,
                  "skipped": false
                }
              ],
              "suites": [],
              "passes": [
                "2517cec7-76f2-4cbf-8de2-671ff76ebc10",
                "8a4a0d0b-0602-48d9-ba9d-aa1f2821a8a7"
              ],
              "failures": [],
              "pending": [],
              "skipped": [],
              "duration": 0,
              "root": false,
              "rootEmpty": false,
              "_timeout": 2000
            },
            {
              "uuid": "e85a4baf-1a65-4251-b665-c5150000a6c6",
              "title": "reverseString",
              "fullFile": "/Users/nicksinazhenki/Downloads/Automated-Software-Testing-JS/test/stringUtils.test.js",
              "file": "/test/stringUtils.test.js",
              "beforeHooks": [],
              "afterHooks": [],
              "tests": [
                {
                  "title": "should reverse a string",
                  "fullTitle": "String Utils reverseString should reverse a string",
                  "timedOut": false,
                  "duration": 0,
                  "state": "passed",
                  "speed": "fast",
                  "pass": true,
                  "fail": false,
                  "pending": false,
                  "context": null,
                  "code": "expect(reverseString(\"world\")).to.equal(\"dlrow\");",
                  "err": {},
                  "uuid": "3d2da01d-a3a6-447c-91ec-6ec3a5d0f927",
                  "parentUUID": "e85a4baf-1a65-4251-b665-c5150000a6c6",
                  "isHook": false,
                  "skipped": false
                },
                {
                  "title": "should throw error if input is not a string",
                  "fullTitle": "String Utils reverseString should throw error if input is not a string",
                  "timedOut": false,
                  "duration": 0,
                  "state": "passed",
                  "speed": "fast",
                  "pass": true,
                  "fail": false,
                  "pending": false,
                  "context": null,
                  "code": "expect(() => reverseString(123)).to.throw(\"Input must be a string\");",
                  "err": {},
                  "uuid": "93fe7b85-63de-4c5f-b663-3009418736e5",
                  "parentUUID": "e85a4baf-1a65-4251-b665-c5150000a6c6",
                  "isHook": false,
                  "skipped": false
                }
              ],
              "suites": [],
              "passes": [
                "3d2da01d-a3a6-447c-91ec-6ec3a5d0f927",
                "93fe7b85-63de-4c5f-b663-3009418736e5"
              ],
              "failures": [],
              "pending": [],
              "skipped": [],
              "duration": 0,
              "root": false,
              "rootEmpty": false,
              "_timeout": 2000
            },
            {
              "uuid": "cdfb5b4d-eff8-467c-9c04-063fb6db6f6c",
              "title": "isPalindrome",
              "fullFile": "/Users/nicksinazhenki/Downloads/Automated-Software-Testing-JS/test/stringUtils.test.js",
              "file": "/test/stringUtils.test.js",
              "beforeHooks": [],
              "afterHooks": [],
              "tests": [
                {
                  "title": "should return true for a palindrome",
                  "fullTitle": "String Utils isPalindrome should return true for a palindrome",
                  "timedOut": false,
                  "duration": 0,
                  "state": "passed",
                  "speed": "fast",
                  "pass": true,
                  "fail": false,
                  "pending": false,
                  "context": null,
                  "code": "expect(isPalindrome(\"madam\")).to.be.true;",
                  "err": {},
                  "uuid": "7cbf092f-9d03-49a2-940a-d49ee165df41",
                  "parentUUID": "cdfb5b4d-eff8-467c-9c04-063fb6db6f6c",
                  "isHook": false,
                  "skipped": false
                },
                {
                  "title": "should return false for a non-palindrome",
                  "fullTitle": "String Utils isPalindrome should return false for a non-palindrome",
                  "timedOut": false,
                  "duration": 0,
                  "state": "passed",
                  "speed": "fast",
                  "pass": true,
                  "fail": false,
                  "pending": false,
                  "context": null,
                  "code": "expect(isPalindrome(\"check\")).to.be.false;",
                  "err": {},
                  "uuid": "3940d76a-0acb-4f19-9cbf-812946678bfa",
                  "parentUUID": "cdfb5b4d-eff8-467c-9c04-063fb6db6f6c",
                  "isHook": false,
                  "skipped": false
                },
                {
                  "title": "should throw error if input is not a string",
                  "fullTitle": "String Utils isPalindrome should throw error if input is not a string",
                  "timedOut": false,
                  "duration": 0,
                  "state": "passed",
                  "speed": "fast",
                  "pass": true,
                  "fail": false,
                  "pending": false,
                  "context": null,
                  "code": "expect(() => isPalindrome(123)).to.throw(\"Input must be a string\");",
                  "err": {},
                  "uuid": "4bfd7e2b-5470-4da9-985e-dc82cb8f488e",
                  "parentUUID": "cdfb5b4d-eff8-467c-9c04-063fb6db6f6c",
                  "isHook": false,
                  "skipped": false
                }
              ],
              "suites": [],
              "passes": [
                "7cbf092f-9d03-49a2-940a-d49ee165df41",
                "3940d76a-0acb-4f19-9cbf-812946678bfa",
                "4bfd7e2b-5470-4da9-985e-dc82cb8f488e"
              ],
              "failures": [],
              "pending": [],
              "skipped": [],
              "duration": 0,
              "root": false,
              "rootEmpty": false,
              "_timeout": 2000
            }
          ],
          "passes": [],
          "failures": [],
          "pending": [],
          "skipped": [],
          "duration": 0,
          "root": false,
          "rootEmpty": false,
          "_timeout": 2000
        },
        {
          "uuid": "03276963-faff-43c3-9476-6081e2107475",
          "title": "Student Knowledge Checker",
          "fullFile": "/Users/nicksinazhenki/Downloads/Automated-Software-Testing-JS/test/studentKnowledgeChecker.test.js",
          "file": "/test/studentKnowledgeChecker.test.js",
          "beforeHooks": [],
          "afterHooks": [],
          "tests": [
            {
              "title": "should return true when all answers are correct",
              "fullTitle": "Student Knowledge Checker should return true when all answers are correct",
              "timedOut": false,
              "duration": 1,
              "state": "passed",
              "speed": "fast",
              "pass": true,
              "fail": false,
              "pending": false,
              "context": null,
              "code": "const studentAnswers = { question1: \"A\", question2: \"B\" };\nconst correctAnswers = { question1: \"A\", question2: \"B\" };\nexpect(checkStudentKnowledge(studentAnswers, correctAnswers)).to.be.true;",
              "err": {},
              "uuid": "fa2e290b-2e32-4a37-8f38-4edf75d64bd5",
              "parentUUID": "03276963-faff-43c3-9476-6081e2107475",
              "isHook": false,
              "skipped": false
            },
            {
              "title": "should return false when one answer is incorrect",
              "fullTitle": "Student Knowledge Checker should return false when one answer is incorrect",
              "timedOut": false,
              "duration": 0,
              "state": "passed",
              "speed": "fast",
              "pass": true,
              "fail": false,
              "pending": false,
              "context": null,
              "code": "const studentAnswers = { question1: \"A\", question2: \"B\" };\nconst correctAnswers = { question1: \"A\", question2: \"C\" };\nexpect(checkStudentKnowledge(studentAnswers, correctAnswers)).to.be.false;",
              "err": {},
              "uuid": "b8f6f738-4276-41f8-b90a-95c2a69c9781",
              "parentUUID": "03276963-faff-43c3-9476-6081e2107475",
              "isHook": false,
              "skipped": false
            },
            {
              "title": "should return false when keys are different",
              "fullTitle": "Student Knowledge Checker should return false when keys are different",
              "timedOut": false,
              "duration": 0,
              "state": "passed",
              "speed": "fast",
              "pass": true,
              "fail": false,
              "pending": false,
              "context": null,
              "code": "const studentAnswers = { question1: \"A\", question3: \"B\" };\nconst correctAnswers = { question1: \"A\", question2: \"B\" };\nexpect(checkStudentKnowledge(studentAnswers, correctAnswers)).to.be.false;",
              "err": {},
              "uuid": "5cef561f-900c-483f-aaca-b0b0ee513f2d",
              "parentUUID": "03276963-faff-43c3-9476-6081e2107475",
              "isHook": false,
              "skipped": false
            },
            {
              "title": "should return false when number of answers is different",
              "fullTitle": "Student Knowledge Checker should return false when number of answers is different",
              "timedOut": false,
              "duration": 0,
              "state": "passed",
              "speed": "fast",
              "pass": true,
              "fail": false,
              "pending": false,
              "context": null,
              "code": "const studentAnswers = { question1: \"A\" };\nconst correctAnswers = { question1: \"A\", question2: \"B\" };\nexpect(checkStudentKnowledge(studentAnswers, correctAnswers)).to.be.false;",
              "err": {},
              "uuid": "70c8826f-0a71-43e3-8910-e16acfcbc66d",
              "parentUUID": "03276963-faff-43c3-9476-6081e2107475",
              "isHook": false,
              "skipped": false
            }
          ],
          "suites": [],
          "passes": [
            "fa2e290b-2e32-4a37-8f38-4edf75d64bd5",
            "b8f6f738-4276-41f8-b90a-95c2a69c9781",
            "5cef561f-900c-483f-aaca-b0b0ee513f2d",
            "70c8826f-0a71-43e3-8910-e16acfcbc66d"
          ],
          "failures": [],
          "pending": [],
          "skipped": [],
          "duration": 1,
          "root": false,
          "rootEmpty": false,
          "_timeout": 2000
        },
        {
          "uuid": "64aa99c7-b6ac-474d-a48b-05b75db06bb2",
          "title": "filterUsersByAge",
          "fullFile": "/Users/nicksinazhenki/Downloads/Automated-Software-Testing-JS/test/usersListUtils.test.js",
          "file": "/test/usersListUtils.test.js",
          "beforeHooks": [],
          "afterHooks": [],
          "tests": [
            {
              "title": "should return users within the age range",
              "fullTitle": "filterUsersByAge should return users within the age range",
              "timedOut": false,
              "duration": 0,
              "state": "passed",
              "speed": "fast",
              "pass": true,
              "fail": false,
              "pending": false,
              "context": null,
              "code": "const result = filterUsersByAge(sampleUsers, 21, 30);\nexpect(result).to.deep.equal([\n  { id: 1, name: 'Vasya', age: 25, email: 'vasya@example.com' },\n  { id: 2, name: 'Gena', age: 30, email: 'gena@example.com' },\n]);",
              "err": {},
              "uuid": "fa007f0a-79d6-48c8-aad1-08e26d84ec7d",
              "parentUUID": "64aa99c7-b6ac-474d-a48b-05b75db06bb2",
              "isHook": false,
              "skipped": false
            },
            {
              "title": "should return an empty array if no users match",
              "fullTitle": "filterUsersByAge should return an empty array if no users match",
              "timedOut": false,
              "duration": 0,
              "state": "passed",
              "speed": "fast",
              "pass": true,
              "fail": false,
              "pending": false,
              "context": null,
              "code": "const result = filterUsersByAge(sampleUsers, 40, 50);\nexpect(result).to.deep.equal([]);",
              "err": {},
              "uuid": "853416ec-9406-4aef-9feb-c765c6b72ac1",
              "parentUUID": "64aa99c7-b6ac-474d-a48b-05b75db06bb2",
              "isHook": false,
              "skipped": false
            },
            {
              "title": "should throw an error if users is not an array",
              "fullTitle": "filterUsersByAge should throw an error if users is not an array",
              "timedOut": false,
              "duration": 0,
              "state": "passed",
              "speed": "fast",
              "pass": true,
              "fail": false,
              "pending": false,
              "context": null,
              "code": "expect(() => filterUsersByAge(null, 18, 25)).to.throw('Users must be an array');",
              "err": {},
              "uuid": "658c00ac-1b91-4f46-beee-85ed79a5c9a9",
              "parentUUID": "64aa99c7-b6ac-474d-a48b-05b75db06bb2",
              "isHook": false,
              "skipped": false
            }
          ],
          "suites": [],
          "passes": [
            "fa007f0a-79d6-48c8-aad1-08e26d84ec7d",
            "853416ec-9406-4aef-9feb-c765c6b72ac1",
            "658c00ac-1b91-4f46-beee-85ed79a5c9a9"
          ],
          "failures": [],
          "pending": [],
          "skipped": [],
          "duration": 0,
          "root": false,
          "rootEmpty": false,
          "_timeout": 2000
        },
        {
          "uuid": "292eacca-5faf-4f4e-b807-0e2dbb76d968",
          "title": "sortUsersByName",
          "fullFile": "/Users/nicksinazhenki/Downloads/Automated-Software-Testing-JS/test/usersListUtils.test.js",
          "file": "/test/usersListUtils.test.js",
          "beforeHooks": [],
          "afterHooks": [],
          "tests": [
            {
              "title": "should sort users alphabetically by name",
              "fullTitle": "sortUsersByName should sort users alphabetically by name",
              "timedOut": false,
              "duration": 7,
              "state": "passed",
              "speed": "fast",
              "pass": true,
              "fail": false,
              "pending": false,
              "context": null,
              "code": "const result = sortUsersByName(sampleUsers);\nexpect(result.map(u => u.name)).to.deep.equal(['Gena', 'Gora', 'Vasya']);",
              "err": {},
              "uuid": "2d2d199c-2431-46c1-899b-3a98000e1126",
              "parentUUID": "292eacca-5faf-4f4e-b807-0e2dbb76d968",
              "isHook": false,
              "skipped": false
            },
            {
              "title": "should not modify the original array",
              "fullTitle": "sortUsersByName should not modify the original array",
              "timedOut": false,
              "duration": 0,
              "state": "passed",
              "speed": "fast",
              "pass": true,
              "fail": false,
              "pending": false,
              "context": null,
              "code": "const original = [...sampleUsers];\nsortUsersByName(sampleUsers);\nexpect(sampleUsers).to.deep.equal(original);",
              "err": {},
              "uuid": "0be27792-c9ae-4081-af63-2d877ec4d5b3",
              "parentUUID": "292eacca-5faf-4f4e-b807-0e2dbb76d968",
              "isHook": false,
              "skipped": false
            },
            {
              "title": "should throw an error if users is not an array",
              "fullTitle": "sortUsersByName should throw an error if users is not an array",
              "timedOut": false,
              "duration": 0,
              "state": "passed",
              "speed": "fast",
              "pass": true,
              "fail": false,
              "pending": false,
              "context": null,
              "code": "expect(() => sortUsersByName(undefined)).to.throw('Users must be an array');",
              "err": {},
              "uuid": "9ac88253-adfd-4327-acb2-c11dad33d8f1",
              "parentUUID": "292eacca-5faf-4f4e-b807-0e2dbb76d968",
              "isHook": false,
              "skipped": false
            }
          ],
          "suites": [],
          "passes": [
            "2d2d199c-2431-46c1-899b-3a98000e1126",
            "0be27792-c9ae-4081-af63-2d877ec4d5b3",
            "9ac88253-adfd-4327-acb2-c11dad33d8f1"
          ],
          "failures": [],
          "pending": [],
          "skipped": [],
          "duration": 7,
          "root": false,
          "rootEmpty": false,
          "_timeout": 2000
        },
        {
          "uuid": "129bb0ac-9396-4024-96db-6a40ae24cec1",
          "title": "findUserById",
          "fullFile": "/Users/nicksinazhenki/Downloads/Automated-Software-Testing-JS/test/usersListUtils.test.js",
          "file": "/test/usersListUtils.test.js",
          "beforeHooks": [],
          "afterHooks": [],
          "tests": [
            {
              "title": "should return the user with the given id",
              "fullTitle": "findUserById should return the user with the given id",
              "timedOut": false,
              "duration": 0,
              "state": "passed",
              "speed": "fast",
              "pass": true,
              "fail": false,
              "pending": false,
              "context": null,
              "code": "const result = findUserById(sampleUsers, 2);\nexpect(result.name).to.equal('Gena');",
              "err": {},
              "uuid": "add668ad-2a23-4e85-91ae-f529dcd9872b",
              "parentUUID": "129bb0ac-9396-4024-96db-6a40ae24cec1",
              "isHook": false,
              "skipped": false
            },
            {
              "title": "should return null if no user is found",
              "fullTitle": "findUserById should return null if no user is found",
              "timedOut": false,
              "duration": 0,
              "state": "passed",
              "speed": "fast",
              "pass": true,
              "fail": false,
              "pending": false,
              "context": null,
              "code": "const result = findUserById(sampleUsers, 99);\nexpect(result).to.be.null;",
              "err": {},
              "uuid": "4f086b70-905d-42ed-8d02-8597ff0cbc87",
              "parentUUID": "129bb0ac-9396-4024-96db-6a40ae24cec1",
              "isHook": false,
              "skipped": false
            },
            {
              "title": "should throw an error if users is not an array",
              "fullTitle": "findUserById should throw an error if users is not an array",
              "timedOut": false,
              "duration": 0,
              "state": "passed",
              "speed": "fast",
              "pass": true,
              "fail": false,
              "pending": false,
              "context": null,
              "code": "expect(() => findUserById({}, 1)).to.throw('Users must be an array');",
              "err": {},
              "uuid": "a3b6f3f2-d86e-4666-b469-41f17d6878be",
              "parentUUID": "129bb0ac-9396-4024-96db-6a40ae24cec1",
              "isHook": false,
              "skipped": false
            }
          ],
          "suites": [],
          "passes": [
            "add668ad-2a23-4e85-91ae-f529dcd9872b",
            "4f086b70-905d-42ed-8d02-8597ff0cbc87",
            "a3b6f3f2-d86e-4666-b469-41f17d6878be"
          ],
          "failures": [],
          "pending": [],
          "skipped": [],
          "duration": 0,
          "root": false,
          "rootEmpty": false,
          "_timeout": 2000
        },
        {
          "uuid": "612cbd81-8f21-4ed3-87e6-2a649048a496",
          "title": "isEmailTaken",
          "fullFile": "/Users/nicksinazhenki/Downloads/Automated-Software-Testing-JS/test/usersListUtils.test.js",
          "file": "/test/usersListUtils.test.js",
          "beforeHooks": [],
          "afterHooks": [],
          "tests": [
            {
              "title": "should return true if email exists",
              "fullTitle": "isEmailTaken should return true if email exists",
              "timedOut": false,
              "duration": 0,
              "state": "passed",
              "speed": "fast",
              "pass": true,
              "fail": false,
              "pending": false,
              "context": null,
              "code": "expect(isEmailTaken(sampleUsers, 'gena@example.com')).to.be.true;",
              "err": {},
              "uuid": "2b486a2e-9c7c-43ae-a4dc-93bb67342ff8",
              "parentUUID": "612cbd81-8f21-4ed3-87e6-2a649048a496",
              "isHook": false,
              "skipped": false
            },
            {
              "title": "should return false if email does not exist",
              "fullTitle": "isEmailTaken should return false if email does not exist",
              "timedOut": false,
              "duration": 0,
              "state": "passed",
              "speed": "fast",
              "pass": true,
              "fail": false,
              "pending": false,
              "context": null,
              "code": "expect(isEmailTaken(sampleUsers, 'nobody@example.com')).to.be.false;",
              "err": {},
              "uuid": "918b567f-218f-413f-874f-0902f9593279",
              "parentUUID": "612cbd81-8f21-4ed3-87e6-2a649048a496",
              "isHook": false,
              "skipped": false
            },
            {
              "title": "should throw an error if users is not an array",
              "fullTitle": "isEmailTaken should throw an error if users is not an array",
              "timedOut": false,
              "duration": 0,
              "state": "passed",
              "speed": "fast",
              "pass": true,
              "fail": false,
              "pending": false,
              "context": null,
              "code": "expect(() => isEmailTaken(null, 'test@example.com')).to.throw('Users must be an array');",
              "err": {},
              "uuid": "fc4c3692-44ec-4822-bcea-e23631a33fef",
              "parentUUID": "612cbd81-8f21-4ed3-87e6-2a649048a496",
              "isHook": false,
              "skipped": false
            }
          ],
          "suites": [],
          "passes": [
            "2b486a2e-9c7c-43ae-a4dc-93bb67342ff8",
            "918b567f-218f-413f-874f-0902f9593279",
            "fc4c3692-44ec-4822-bcea-e23631a33fef"
          ],
          "failures": [],
          "pending": [],
          "skipped": [],
          "duration": 0,
          "root": false,
          "rootEmpty": false,
          "_timeout": 2000
        }
      ],
      "passes": [],
      "failures": [],
      "pending": [],
      "skipped": [],
      "duration": 0,
      "root": true,
      "rootEmpty": true,
      "_timeout": 2000
    }
  ],
  "meta": {
    "mocha": {
      "version": "11.1.0"
    },
    "mochawesome": {
      "options": {
        "quiet": true,
        "reportFilename": "test-report",
        "saveHtml": true,
        "saveJson": true,
        "consoleReporter": "spec",
        "useInlineDiffs": false,
        "code": true
      },
      "version": "7.1.3"
    },
    "marge": {
      "options": {
        "id": "default",
        "reportDir": "reports/assets",
        "reportFilename": "test-report",
        "quiet": true,
        "overwrite": true,
        "html": true,
        "json": true
      },
      "version": "6.2.0"
    }
  }
}